<?xml version="1.0" encoding="UTF-8"?>
<!-- Generated by org.testng.reporters.JUnitReportReporter -->
<testsuite hostname="DESKTOP-VSV5DIB" failures="0" tests="5" name="TestClass.LoginPageTest" time="26.055" errors="0" timestamp="2024-07-20T11:43:11 IST" skipped="0">
  <testcase classname="TestClass.LoginPageTest" name="loginTest" time="4.036"/>
  <system-out/>
  <testcase classname="TestClass.LoginPageTest" name="loginTest" time="9.107"/>
  <system-out/>
  <testcase classname="TestClass.LoginPageTest" name="loginTest" time="4.056"/>
  <system-out/>
  <testcase classname="TestClass.LoginPageTest" name="loginTest" time="4.300"/>
  <system-out/>
  <testcase classname="TestClass.LoginPageTest" name="loginTest" time="4.556"/>
  <system-out/>
</testsuite> <!-- TestClass.LoginPageTest -->
