<?xml version="1.0" encoding="UTF-8"?>
<!-- Generated by org.testng.reporters.JUnitReportReporter -->
<testsuite hostname="DESKTOP-VSV5DIB" failures="0" tests="1" name="TestClass.HomePageTest" time="3.044" errors="0" timestamp="2024-09-29T20:18:34 IST" skipped="0">
  <testcase classname="TestClass.HomePageTest" name="checkBackPackIsAvailiable" time="3.044"/>
  <system-out/>
</testsuite> <!-- TestClass.HomePageTest -->
