<?xml version="1.0" encoding="UTF-8"?>
<!-- Generated by org.testng.reporters.JUnitReportReporter -->
<testsuite hostname="DESKTOP-VSV5DIB" failures="0" tests="1" name="Factory.BrowserFactory" time="0.006" errors="0" timestamp="2024-07-19T12:25:24 IST" skipped="0">
  <testcase classname="Factory.BrowserFactory" name="test" time="0.006"/>
  <system-out/>
</testsuite> <!-- Factory.BrowserFactory -->
