<?xml version="1.0" encoding="UTF-8"?>
<!-- Generated by org.testng.reporters.JUnitReportReporter -->
<testsuite hostname="DESKTOP-VSV5DIB" failures="0" tests="1" name="TestClass.HomePageTest" time="3.430" errors="0" timestamp="2024-09-30T20:04:01 IST" skipped="0">
  <testcase classname="TestClass.HomePageTest" name="checkBackPackIsAvailiable" time="3.430"/>
</testsuite> <!-- TestClass.HomePageTest -->
