<?xml version="1.0" encoding="UTF-8"?>
<!-- Generated by org.testng.reporters.JUnitReportReporter -->
<testsuite hostname="DESKTOP-VSV5DIB" failures="0" tests="2" name="TestClass.LoginPageTest" time="8.948" errors="0" timestamp="2024-10-02T13:56:43 IST" skipped="0">
  <testcase classname="TestClass.LoginPageTest" name="loginTest" time="3.895"/>
  <testcase classname="TestClass.LoginPageTest" name="loginTest" time="5.053"/>
</testsuite> <!-- TestClass.LoginPageTest -->
