<?xml version="1.0" encoding="UTF-8"?>
<!-- Generated by org.testng.reporters.JUnitReportReporter -->
<testsuite hostname="DESKTOP-VSV5DIB" failures="0" tests="1" name="TestClass.HomePageTest" time="3.558" errors="0" timestamp="2024-07-26T12:31:47 IST" skipped="0">
  <testcase classname="TestClass.HomePageTest" name="checkBackPackIsAvailiable" time="3.558"/>
</testsuite> <!-- TestClass.HomePageTest -->
