<?xml version="1.0" encoding="UTF-8"?>
<!-- Generated by org.testng.reporters.JUnitReportReporter -->
<testsuite hostname="DESKTOP-VSV5DIB" failures="0" tests="1" name="TestClass.HomePageTest" time="2.851" errors="0" timestamp="2024-10-03T13:57:32 IST" skipped="0">
  <testcase classname="TestClass.HomePageTest" name="checkBackPackIsAvailiable" time="2.851"/>
</testsuite> <!-- TestClass.HomePageTest -->
