<?xml version="1.0" encoding="UTF-8"?>
<!-- Generated by org.testng.reporters.JUnitReportReporter -->
<testsuite hostname="DESKTOP-VSV5DIB" failures="0" tests="2" name="TestClass.LoginPageTest" time="10.868" errors="0" timestamp="2024-10-03T13:57:32 IST" skipped="0">
  <testcase classname="TestClass.LoginPageTest" name="loginTest" time="3.852"/>
  <testcase classname="TestClass.LoginPageTest" name="loginTest" time="7.016"/>
</testsuite> <!-- TestClass.LoginPageTest -->
