<?xml version="1.0" encoding="UTF-8"?>
<!-- Generated by org.testng.reporters.JUnitReportReporter -->
<testsuite hostname="DESKTOP-VSV5DIB" failures="0" tests="5" name="TestClass.LoginPageTest" time="28.121" errors="0" timestamp="2024-07-26T12:31:47 IST" skipped="0">
  <testcase classname="TestClass.LoginPageTest" name="loginTest" time="3.966"/>
  <testcase classname="TestClass.LoginPageTest" name="loginTest" time="5.164"/>
  <testcase classname="TestClass.LoginPageTest" name="loginTest" time="5.136"/>
  <testcase classname="TestClass.LoginPageTest" name="loginTest" time="4.024"/>
  <testcase classname="TestClass.LoginPageTest" name="loginTest" time="9.831"/>
</testsuite> <!-- TestClass.LoginPageTest -->
