<?xml version="1.0" encoding="UTF-8"?>
<!-- Generated by org.testng.reporters.JUnitReportReporter -->
<testsuite hostname="DESKTOP-VSV5DIB" failures="0" tests="2" name="TestClass.LoginPageTest" time="9.694" errors="0" timestamp="2024-09-30T20:04:01 IST" skipped="0">
  <testcase classname="TestClass.LoginPageTest" name="loginTest" time="4.158"/>
  <testcase classname="TestClass.LoginPageTest" name="loginTest" time="5.536"/>
</testsuite> <!-- TestClass.LoginPageTest -->
